Сборка начата 22.02.2022 20:21:43.
Уровень детализации журнала: Normal.     1>Проект "C:\Study\BC++++\Lab1\Lab1.vcxproj" в узле 2 (целевые объекты Build).
     1>InitializeBuildStatus:
         Создание "x64\Debug\Lab1.tlog\unsuccessfulbuild", так как было задано "AlwaysCreate".
       ClCompile:
         C:\Важные штуки\VS\VC\Tools\MSVC\14.29.30133\bin\HostX86\x64\CL.exe /c /ZI /JMC /nologo /W3 /WX- /diagnostics:column /sdl /Od /D _DEBUG /D _CONSOLE /D _UNICODE /D UNICODE /Gm- /EHsc /RTC1 /MDd /GS /fp:precise /permissive- /Zc:wchar_t /Zc:forScope /Zc:inline /Fo"x64\Debug\\" /Fd"x64\Debug\vc142.pdb" /external:W3 /Gd /TP /FC /errorReport:prompt Lab1.cpp
         Lab1.cpp
     1>C:\Study\BC++++\Lab1\Lab1.cpp(45,12): warning C4244: инициализация: преобразование "double" в "float", возможна потеря данных
     1>C:\Study\BC++++\Lab1\Lab1.cpp(57,12): warning C4244: инициализация: преобразование "double" в "float", возможна потеря данных
     1>C:\Study\BC++++\Lab1\Lab1.cpp(85,1): warning C4326: возвращаемый тип "main" должен быть "int", а не "void"
     1>C:\Study\BC++++\Lab1\Lab1.cpp(87,17): warning C4305: инициализация: усечение из "double" в "float"
     1>C:\Study\BC++++\Lab1\Lab1.cpp(87,21): warning C4244: инициализация: преобразование "double" в "float", возможна потеря данных
     1>C:\Study\BC++++\Lab1\Lab1.cpp(87,44): warning C4244: инициализация: преобразование "double" в "float", возможна потеря данных
     1>C:\Study\BC++++\Lab1\Lab1.cpp(89,10): warning C4101: f: неиспользованная локальная переменная
       Link:
         C:\Важные штуки\VS\VC\Tools\MSVC\14.29.30133\bin\HostX86\x64\link.exe /ERRORREPORT:PROMPT /OUT:"C:\Study\BC++++\Lab1\x64\Debug\Lab1.exe" /INCREMENTAL /ILK:"x64\Debug\Lab1.ilk" /NOLOGO kernel32.lib user32.lib gdi32.lib winspool.lib comdlg32.lib advapi32.lib shell32.lib ole32.lib oleaut32.lib uuid.lib odbc32.lib odbccp32.lib /MANIFEST /MANIFESTUAC:"level='asInvoker' uiAccess='false'" /manifest:embed /DEBUG /PDB:"C:\Study\BC++++\Lab1\x64\Debug\Lab1.pdb" /SUBSYSTEM:CONSOLE /TLBID:1 /DYNAMICBASE /NXCOMPAT /IMPLIB:"C:\Study\BC++++\Lab1\x64\Debug\Lab1.lib" /MACHINE:X64 x64\Debug\Lab1.obj
         Lab1.vcxproj -> C:\Study\BC++++\Lab1\x64\Debug\Lab1.exe
       FinalizeBuildStatus:
         Файл "x64\Debug\Lab1.tlog\unsuccessfulbuild" удаляется.
         Обращение к "x64\Debug\Lab1.tlog\Lab1.lastbuildstate".
     1>Сборка проекта "C:\Study\BC++++\Lab1\Lab1.vcxproj" завершена (целевые объекты Build).

Сборка успешно завершена.

       "C:\Study\BC++++\Lab1\Lab1.vcxproj" (целевой объект Build ) (1) ->
       (Целевой объект ClCompile) -> 
         C:\Study\BC++++\Lab1\Lab1.cpp(45,12): warning C4244: инициализация: преобразование "double" в "float", возможна потеря данных
         C:\Study\BC++++\Lab1\Lab1.cpp(57,12): warning C4244: инициализация: преобразование "double" в "float", возможна потеря данных
         C:\Study\BC++++\Lab1\Lab1.cpp(85,1): warning C4326: возвращаемый тип "main" должен быть "int", а не "void"
         C:\Study\BC++++\Lab1\Lab1.cpp(87,17): warning C4305: инициализация: усечение из "double" в "float"
         C:\Study\BC++++\Lab1\Lab1.cpp(87,21): warning C4244: инициализация: преобразование "double" в "float", возможна потеря данных
         C:\Study\BC++++\Lab1\Lab1.cpp(87,44): warning C4244: инициализация: преобразование "double" в "float", возможна потеря данных
         C:\Study\BC++++\Lab1\Lab1.cpp(89,10): warning C4101: f: неиспользованная локальная переменная

    Предупреждений: 7
    Ошибок: 0

Прошло времени 00:00:01.36
